生成启动时间为 2017/8/23 星期三 下午 2:11:40。
     1>项目“E:\GitRepository\NHNAPP\src\NHNAPPonFramework.vcxproj”在节点 2 上(rebuild 个目标)。
     1>_PrepareForClean:
         正在删除文件“x64\Debug\NHNAPPonFramework.lastbuildstate”。
       InitializeBuildStatus:
         正在对“x64\Debug\NHNAPPonFramework.unsuccessfulbuild”执行 Touch 任务。
       CustomBuild:
         Moc'ing alertinfoqueryviewmanager.h...
         Moc'ing appcontext.h...
         Moc'ing basequeryviewmanager.h...
         Moc'ing bcljzjsettingviewmanagerone.h...
         Moc'ing controller.h...
         Moc'ing controlviewmanager.h...
         Moc'ing datamodel.h...
         Moc'ing dbhelper.h...
         Moc'ing dbmanager.h...
         Moc'ing functiontestviewmanager.h...
         Moc'ing historydataqueryviewmanager.h...
         Moc'ing historygraphqueryviewmanager.h...
         Moc'ing logicmanager.h...
         Moc'ing loginfoqueryviewmanager.h...
         Moc'ing maintaindataviewmanager.h...
         Moc'ing manufactureinfoviewmanager.h...
         Moc'ing masterthread.h...
         Moc'ing meansureviewmanager.h...
         Moc'ing operation.h...
         Moc'ing parametersettingviewmanager.h...
         Moc'ing periodsettingviewmanager.h...
         Moc'ing pollproxy.h...
         Moc'ing protocoldef.h...
         Moc'ing runninginfoviewmanager.h...
         Moc'ing serialserver.h...
         Moc'ing sqlquerymodel.h...
         Moc'ing systemmaintaincontroller.h...
         Moc'ing systemmaintainviewmanager.h...
         Moc'ing systemsettingviewmanager.h...
         Moc'ing userstate.h...
         Moc'ing valuedisplayviewmanager.h...
         Moc'ing viewmanager.h...
         Rcc'ing qml.qrc...
       ClCompile:
         D:\Microsoft Visual Studio 10.0\VC\bin\x86_amd64\CL.exe /c /I. /ID:\Qt\Qt5.7.0\5.7\msvc2015_64\include /ID:\Qt\Qt5.7.0\5.7\msvc2015_64\include\QtCharts /ID:\Qt\Qt5.7.0\5.7\msvc2015_64\include\QtWidgets /ID:\Qt\Qt5.7.0\5.7\msvc2015_64\include\QtQuick /ID:\Qt\Qt5.7.0\5.7\msvc2015_64\include\QtGui /ID:\Qt\Qt5.7.0\5.7\msvc2015_64\include\QtANGLE /ID:\Qt\Qt5.7.0\5.7\msvc2015_64\include\QtQml /ID:\Qt\Qt5.7.0\5.7\msvc2015_64\include\QtNetwork /ID:\Qt\Qt5.7.0\5.7\msvc2015_64\include\QtSerialPort /ID:\Qt\Qt5.7.0\5.7\msvc2015_64\include\QtSql /ID:\Qt\Qt5.7.0\5.7\msvc2015_64\include\QtCore /Idebug /I"D:\Qt\Qt5.7.0\5.7\msvc2015_64\mkspecs\win32-msvc2015" /Zi /nologo /W3 /WX- /Od /D _WINDOWS /D UNICODE /D WIN32 /D WIN64 /D QT_DEPRECATED_WARNINGS /D QT_CHARTS_LIB /D QT_WIDGETS_LIB /D QT_QUICK_LIB /D QT_GUI_LIB /D QT_QML_LIB /D QT_NETWORK_LIB /D QT_SERIALPORT_LIB /D QT_SQL_LIB /D QT_CORE_LIB /Gm- /EHsc /MDd /GS /fp:precise /Zc:wchar_t /Zc:forScope /GR /Fo"x64\Debug\\" /Fd"x64\Debug\vc100.pdb" /Gd /TP /wd4577 /errorReport:prompt Debug\moc_alertinfoqueryviewmanager.cpp Debug\moc_appcontext.cpp Debug\moc_basequeryviewmanager.cpp Debug\moc_bcljzjsettingviewmanagerone.cpp Debug\moc_controller.cpp Debug\moc_controlviewmanager.cpp Debug\moc_datamodel.cpp Debug\moc_dbhelper.cpp Debug\moc_dbmanager.cpp Debug\moc_functiontestviewmanager.cpp Debug\moc_historydataqueryviewmanager.cpp Debug\moc_historygraphqueryviewmanager.cpp Debug\moc_logicmanager.cpp Debug\moc_loginfoqueryviewmanager.cpp Debug\moc_maintaindataviewmanager.cpp Debug\moc_manufactureinfoviewmanager.cpp Debug\moc_masterthread.cpp Debug\moc_meansureviewmanager.cpp Debug\moc_operation.cpp Debug\moc_parametersettingviewmanager.cpp Debug\moc_periodsettingviewmanager.cpp Debug\moc_pollproxy.cpp Debug\moc_protocoldef.cpp Debug\moc_runninginfoviewmanager.cpp Debug\moc_serialserver.cpp Debug\moc_sqlquerymodel.cpp Debug\moc_systemmaintaincontroller.cpp Debug\moc_systemmaintainviewmanager.cpp Debug\moc_systemsettingviewmanager.cpp Debug\moc_userstate.cpp Debug\moc_valuedisplayviewmanager.cpp Debug\moc_viewmanager.cpp framework\crc\JQChecksum.cpp system\database\alertinfodbhelper.cpp system\viewManager\query\alertinfoqueryviewmanager.cpp system\context\appcontext.cpp system\controller\appcontroller.cpp system\database\appdbmanager.cpp system\viewManager\query\basequeryviewmanager.cpp system\dataModel\setting\bcljzjsettingdatamodelone.cpp system\controller\setting\bcljzjsettingonecontroller.cpp system\viewManager\setting\bcljzjsettingviewmanagerone.cpp system\modelProtocolConvert\calibrationcoefconverter.cpp system\dataModel\maintain\calibrationcoefdatamodel.cpp system\communication\communicationserver.cpp framework\controller.cpp system\viewManager\home\controlviewmanager.cpp system\controller\home\currentvaluecontroller.cpp system\modelProtocolConvert\currentvalueconverter.cpp system\dataModel\home\currentvaluedatamodel.cpp framework\datamodel.cpp framework\database\dbhelper.cpp framework\database\dbmanager.cpp system\controller\maintain\functiontestcontroller.cpp system\viewManager\maintain\functiontestviewmanager.cpp system\viewManager\query\historydataqueryviewmanager.cpp system\viewManager\query\historygraphqueryviewmanager.cpp system\controller\home\homecontroller.cpp system\protocol\ktprotocoldef.cpp system\context\logicmanager.cpp system\database\loginfodbhelper.cpp system\viewManager\query\loginfoqueryviewmanager.cpp main.cpp system\controller\maintain\maintaindatacontroller.cpp system\viewManager\maintain\maintaindataviewmanager.cpp system\controller\query\manufactureinfocontroller.cpp system\dataModel\query\manufactureinfodatamodel.cpp system\viewManager\query\manufactureinfoviewmanager.cpp framework\serialPort\masterthread.cpp system\dataModel\meansurecontroldatamodel.cpp system\controller\meansure\meansurecontroller.cpp system\database\meansuredbhelper.cpp system\dataModel\meansurerecorddatamodel.cpp system\viewManager\meansure\meansureviewmanager.cpp framework\operation.cpp system\controller\setting\parametersettingcontroller.cpp system\dataModel\setting\parametersettingdatamodel.cpp system\viewManager\setting\parametersettingviewmanager.cpp system\controller\setting\periodsettingcontroller.cpp system\dataModel\setting\periodsettingdatamodel.cpp system\viewManager\setting\periodsettingviewmanager.cpp system\context\pollproxy.cpp framework\protocoldef.cpp framework\observe\qobservable.cpp system\controller\home\runninginfocontroller.cpp system\modelProtocolConvert\runninginfoconverter.cpp system\dataModel\home\runninginfodatamodel.cpp system\viewManager\home\runninginfoviewmanager.cpp framework\serialPort\serialserver.cpp framework\database\sqlquerymodel.cpp system\protocol\stprotocol1.cpp system\protocol\stprotocol2.cpp system\controller\maintain\systemmaintaincontroller.cpp system\viewManager\maintain\systemmaintainviewmanager.cpp system\controller\setting\systemsettingcontroller.cpp system\modelProtocolConvert\systemsettingconverter.cpp system\dataModel\setting\systemsettingdatamodel.cpp system\viewManager\setting\systemsettingviewmanager.cpp system\authority\userstate.cpp system\viewManager\home\valuedisplayviewmanager.cpp framework\viewManager\viewmanager.cpp -FS -Zc:strictStrings -Zc:throwingNew -w34100 -w34189 -w44996 -w44456 -w44457 -w44458 
     1>cl : 命令行 error D8021: 无效的数值参数“/FS”
     1>已完成生成项目“E:\GitRepository\NHNAPP\src\NHNAPPonFramework.vcxproj”(rebuild 个目标)的操作 - 失败。

生成失败。

已用时间 00:00:02.55
