E:\GITREPOSITORY\NHNAPP\SRC\DEBUG\MOC_ALERTINFOQUERYVIEWMANAGER.CPP
E:\GITREPOSITORY\NHNAPP\SRC\DEBUG\MOC_APPCONTEXT.CPP
E:\GITREPOSITORY\NHNAPP\SRC\DEBUG\MOC_BASEQUERYVIEWMANAGER.CPP
E:\GITREPOSITORY\NHNAPP\SRC\DEBUG\MOC_BCLJZJSETTINGVIEWMANAGERONE.CPP
E:\GITREPOSITORY\NHNAPP\SRC\DEBUG\MOC_CONTROLLER.CPP
E:\GITREPOSITORY\NHNAPP\SRC\DEBUG\MOC_CONTROLVIEWMANAGER.CPP
E:\GITREPOSITORY\NHNAPP\SRC\DEBUG\MOC_DATAMODEL.CPP
E:\GITREPOSITORY\NHNAPP\SRC\DEBUG\MOC_DBHELPER.CPP
E:\GITREPOSITORY\NHNAPP\SRC\DEBUG\MOC_DBMANAGER.CPP
E:\GITREPOSITORY\NHNAPP\SRC\DEBUG\MOC_FUNCTIONTESTVIEWMANAGER.CPP
E:\GITREPOSITORY\NHNAPP\SRC\DEBUG\MOC_HISTORYDATAQUERYVIEWMANAGER.CPP
E:\GITREPOSITORY\NHNAPP\SRC\DEBUG\MOC_HISTORYGRAPHQUERYVIEWMANAGER.CPP
E:\GITREPOSITORY\NHNAPP\SRC\DEBUG\MOC_LOGICMANAGER.CPP
E:\GITREPOSITORY\NHNAPP\SRC\DEBUG\MOC_LOGINFOQUERYVIEWMANAGER.CPP
E:\GITREPOSITORY\NHNAPP\SRC\DEBUG\MOC_MAINTAINDATAVIEWMANAGER.CPP
E:\GITREPOSITORY\NHNAPP\SRC\DEBUG\MOC_MANUFACTUREINFOVIEWMANAGER.CPP
E:\GITREPOSITORY\NHNAPP\SRC\DEBUG\MOC_MASTERTHREAD.CPP
E:\GITREPOSITORY\NHNAPP\SRC\DEBUG\MOC_MEANSUREVIEWMANAGER.CPP
E:\GITREPOSITORY\NHNAPP\SRC\DEBUG\MOC_OPERATION.CPP
E:\GITREPOSITORY\NHNAPP\SRC\DEBUG\MOC_PARAMETERSETTINGVIEWMANAGER.CPP
E:\GITREPOSITORY\NHNAPP\SRC\DEBUG\MOC_PERIODSETTINGVIEWMANAGER.CPP
E:\GITREPOSITORY\NHNAPP\SRC\DEBUG\MOC_POLLPROXY.CPP
E:\GITREPOSITORY\NHNAPP\SRC\DEBUG\MOC_PROTOCOLDEF.CPP
E:\GITREPOSITORY\NHNAPP\SRC\DEBUG\MOC_RUNNINGINFOVIEWMANAGER.CPP
E:\GITREPOSITORY\NHNAPP\SRC\DEBUG\MOC_SERIALSERVER.CPP
E:\GITREPOSITORY\NHNAPP\SRC\DEBUG\MOC_SQLQUERYMODEL.CPP
E:\GITREPOSITORY\NHNAPP\SRC\DEBUG\MOC_SYSTEMMAINTAINCONTROLLER.CPP
E:\GITREPOSITORY\NHNAPP\SRC\DEBUG\MOC_SYSTEMMAINTAINVIEWMANAGER.CPP
E:\GITREPOSITORY\NHNAPP\SRC\DEBUG\MOC_SYSTEMSETTINGVIEWMANAGER.CPP
E:\GITREPOSITORY\NHNAPP\SRC\DEBUG\MOC_USERSTATE.CPP
E:\GITREPOSITORY\NHNAPP\SRC\DEBUG\MOC_VALUEDISPLAYVIEWMANAGER.CPP
E:\GITREPOSITORY\NHNAPP\SRC\DEBUG\MOC_VIEWMANAGER.CPP
E:\GITREPOSITORY\NHNAPP\SRC\GENERATEDFILES\QRC_QML.CPP
E:\GitRepository\NHNAPP\src\x64\Debug\cl.command.1.tlog
E:\GitRepository\NHNAPP\src\x64\Debug\CL.read.1.tlog
E:\GitRepository\NHNAPP\src\x64\Debug\cl.write.1.tlog
E:\GitRepository\NHNAPP\src\x64\Debug\custombuild.command.1.tlog
E:\GitRepository\NHNAPP\src\x64\Debug\custombuild.read.1.tlog
E:\GitRepository\NHNAPP\src\x64\Debug\custombuild.write.1.tlog
